<?xml version="1.0" encoding="UTF-8"?>
<!-- Generated by org.testng.reporters.JUnitXMLReporter -->
<testsuite hostname="DESKTOP-TTL6LUL" ignored="0" name="AddUser" tests="53" failures="0" timestamp="2021-03-10T10:08:57 ICT" time="132.253" errors="0">
  <testcase name="Add_20" time="1.776" classname="AutomationTestUser.FullnameTest"/>
  <testcase name="Add_21" time="1.625" classname="AutomationTestUser.FullnameTest"/>
  <testcase name="Add_22" time="1.595" classname="AutomationTestUser.FullnameTest"/>
  <testcase name="Add_23" time="1.705" classname="AutomationTestUser.FullnameTest"/>
  <testcase name="Add_24" time="1.51" classname="AutomationTestUser.FullnameTest"/>
  <testcase name="Add_25" time="1.507" classname="AutomationTestUser.FullnameTest"/>
  <testcase name="Add_26" time="1.573" classname="AutomationTestUser.FullnameTest"/>
  <testcase name="Add_27" time="1.605" classname="AutomationTestUser.FullnameTest"/>
  <testcase name="Add_28" time="1.544" classname="AutomationTestUser.FullnameTest"/>
  <testcase name="Add_29" time="1.622" classname="AutomationTestUser.FullnameTest"/>
  <testcase name="Add_30" time="1.692" classname="AutomationTestUser.FullnameTest"/>
  <testcase name="Add_31" time="1.515" classname="AutomationTestUser.FullnameTest"/>
  <testcase name="Add_32" time="1.638" classname="AutomationTestUser.FullnameTest"/>
  <testcase name="Add_33" time="1.504" classname="AutomationTestUser.FullnameTest"/>
  <testcase name="Add_34" time="1.657" classname="AutomationTestUser.FullnameTest"/>
  <testcase name="Add_35" time="1.691" classname="AutomationTestUser.FullnameTest"/>
  <testcase name="Add_36" time="1.662" classname="AutomationTestUser.FullnameTest"/>
  <testcase name="Add_20" time="1.471" classname="AutomationTestUser.PasswordTest"/>
  <testcase name="Add_38" time="1.536" classname="AutomationTestUser.PasswordTest"/>
  <testcase name="Add_39" time="1.759" classname="AutomationTestUser.PasswordTest"/>
  <testcase name="Add_40" time="1.641" classname="AutomationTestUser.PasswordTest"/>
  <testcase name="Add_41" time="1.732" classname="AutomationTestUser.PasswordTest"/>
  <testcase name="Add_42" time="1.523" classname="AutomationTestUser.PasswordTest"/>
  <testcase name="Add_43" time="1.587" classname="AutomationTestUser.PasswordTest"/>
  <testcase name="Add_44" time="1.755" classname="AutomationTestUser.PasswordTest"/>
  <testcase name="Add_45" time="1.78" classname="AutomationTestUser.PasswordTest"/>
  <testcase name="Add_46" time="1.577" classname="AutomationTestUser.PasswordTest"/>
  <testcase name="Add_47" time="1.535" classname="AutomationTestUser.PasswordTest"/>
  <testcase name="Add_48" time="1.587" classname="AutomationTestUser.PasswordTest"/>
  <testcase name="Add_49" time="1.503" classname="AutomationTestUser.PasswordTest"/>
  <testcase name="Add_50" time="1.55" classname="AutomationTestUser.PasswordTest"/>
  <testcase name="Add_51" time="1.595" classname="AutomationTestUser.PasswordTest"/>
  <testcase name="Add_52" time="1.542" classname="AutomationTestUser.PasswordTest"/>
  <testcase name="Add_53" time="1.583" classname="AutomationTestUser.PasswordTest"/>
  <testcase name="Add_01" time="1.537" classname="AutomationTestUser.UsernameTest"/>
  <testcase name="Add_02" time="1.588" classname="AutomationTestUser.UsernameTest"/>
  <testcase name="Add_03" time="1.485" classname="AutomationTestUser.UsernameTest"/>
  <testcase name="Add_04" time="1.515" classname="AutomationTestUser.UsernameTest"/>
  <testcase name="Add_05" time="1.483" classname="AutomationTestUser.UsernameTest"/>
  <testcase name="Add_06" time="1.509" classname="AutomationTestUser.UsernameTest"/>
  <testcase name="Add_07" time="1.504" classname="AutomationTestUser.UsernameTest"/>
  <testcase name="Add_08" time="1.613" classname="AutomationTestUser.UsernameTest"/>
  <testcase name="Add_09" time="1.495" classname="AutomationTestUser.UsernameTest"/>
  <testcase name="Add_10" time="1.531" classname="AutomationTestUser.UsernameTest"/>
  <testcase name="Add_11" time="1.52" classname="AutomationTestUser.UsernameTest"/>
  <testcase name="Add_12" time="1.552" classname="AutomationTestUser.UsernameTest"/>
  <testcase name="Add_13" time="1.47" classname="AutomationTestUser.UsernameTest"/>
  <testcase name="Add_14" time="1.502" classname="AutomationTestUser.UsernameTest"/>
  <testcase name="Add_15" time="1.666" classname="AutomationTestUser.UsernameTest"/>
  <testcase name="Add_16" time="1.626" classname="AutomationTestUser.UsernameTest"/>
  <testcase name="Add_17" time="1.599" classname="AutomationTestUser.UsernameTest"/>
  <testcase name="Add_18" time="1.563" classname="AutomationTestUser.UsernameTest"/>
  <testcase name="Add_19" time="1.466" classname="AutomationTestUser.UsernameTest"/>
</testsuite> <!-- AddUser -->
