<?xml version="1.0" encoding="UTF-8"?>
<!-- Generated by org.testng.reporters.JUnitXMLReporter -->
<testsuite hostname="DESKTOP-TTL6LUL" ignored="0" name="Default test" tests="17" failures="0" timestamp="2021-03-10T16:40:28 ICT" time="40.821" errors="0">
  <testcase name="Add_01" time="1.331" classname="AutomationTest.IDTest"/>
  <testcase name="Add_02" time="1.287" classname="AutomationTest.IDTest"/>
  <testcase name="Add_03" time="1.304" classname="AutomationTest.IDTest"/>
  <testcase name="Add_04" time="1.252" classname="AutomationTest.IDTest"/>
  <testcase name="Add_05" time="1.223" classname="AutomationTest.IDTest"/>
  <testcase name="Add_06" time="1.246" classname="AutomationTest.IDTest"/>
  <testcase name="Add_07" time="1.224" classname="AutomationTest.IDTest"/>
  <testcase name="Add_08" time="1.227" classname="AutomationTest.IDTest"/>
  <testcase name="Add_09" time="1.252" classname="AutomationTest.IDTest"/>
  <testcase name="Add_10" time="1.21" classname="AutomationTest.IDTest"/>
  <testcase name="Add_11" time="1.249" classname="AutomationTest.IDTest"/>
  <testcase name="Add_12" time="1.306" classname="AutomationTest.IDTest"/>
  <testcase name="Add_13" time="1.53" classname="AutomationTest.IDTest"/>
  <testcase name="Add_14" time="1.187" classname="AutomationTest.IDTest"/>
  <testcase name="Add_15" time="1.243" classname="AutomationTest.IDTest"/>
  <testcase name="Add_16" time="1.248" classname="AutomationTest.IDTest"/>
  <testcase name="Add_17" time="1.269" classname="AutomationTest.IDTest"/>
</testsuite> <!-- Default test -->
