<?xml version="1.0" encoding="UTF-8"?>
<!-- Generated by org.testng.reporters.JUnitXMLReporter -->
<testsuite hostname="DESKTOP-TTL6LUL" ignored="0" name="InsertDepart" tests="21" failures="0" timestamp="2021-02-26T19:11:11 ICT" time="8.706" errors="0">
  <testcase name="Add_01" time="0.219" classname="UnitTest.DepartmentDAOTest"/>
  <testcase name="Add_02" time="0.25" classname="UnitTest.DepartmentDAOTest"/>
  <testcase name="Add_03" time="0.067" classname="UnitTest.DepartmentDAOTest"/>
  <testcase name="Add_04" time="0.058" classname="UnitTest.DepartmentDAOTest"/>
  <testcase name="Add_05" time="0.256" classname="UnitTest.DepartmentDAOTest"/>
  <testcase name="Add_06" time="0.079" classname="UnitTest.DepartmentDAOTest"/>
  <testcase name="Add_07" time="0.084" classname="UnitTest.DepartmentDAOTest"/>
  <testcase name="Add_08" time="0.063" classname="UnitTest.DepartmentDAOTest"/>
  <testcase name="Add_09" time="0.082" classname="UnitTest.DepartmentDAOTest"/>
  <testcase name="Add_10" time="0.054" classname="UnitTest.DepartmentDAOTest"/>
  <testcase name="Add_11" time="0.045" classname="UnitTest.DepartmentDAOTest"/>
  <testcase name="Add_12" time="0.066" classname="UnitTest.DepartmentDAOTest"/>
  <testcase name="Add_13" time="0.059" classname="UnitTest.DepartmentDAOTest"/>
  <testcase name="Add_14" time="0.049" classname="UnitTest.DepartmentDAOTest"/>
  <testcase name="Add_15" time="0.043" classname="UnitTest.DepartmentDAOTest"/>
  <testcase name="Add_16" time="0.042" classname="UnitTest.DepartmentDAOTest"/>
  <testcase name="Add_17" time="0.05" classname="UnitTest.DepartmentDAOTest"/>
  <testcase name="Add_18" time="0.035" classname="UnitTest.DepartmentDAOTest"/>
  <testcase name="Add_19" time="0.049" classname="UnitTest.DepartmentDAOTest"/>
  <testcase name="Add_20" time="0.043" classname="UnitTest.DepartmentDAOTest"/>
  <testcase name="Add_21" time="0.047" classname="UnitTest.DepartmentDAOTest"/>
</testsuite> <!-- InsertDepart -->
