<?xml version="1.0" encoding="UTF-8"?>
<!-- Generated by org.testng.reporters.JUnitXMLReporter -->
<testsuite hostname="DESKTOP-TTL6LUL" ignored="0" name="Add_02" tests="1" failures="1" timestamp="2021-03-02T22:19:37 ICT" time="0.02" errors="0">
  <testcase name="insertUser" time="0.004" classname="UnitTest.UpdateUserDAOTest">
    <failure type="org.testng.internal.reflect.MethodMatcherException" message="
[public void UnitTest.UpdateUserDAOTest.insertUser(java.lang.String,java.lang.String,java.lang.String,boolean,boolean) throws java.text.ParseException] has no parameters defined but was found to be using a data provider (either explicitly specified or inherited from class level annotation).
Data provider mismatch
Method: insertUser([Parameter{index=0, type=java.lang.String, declaredAnnotations=[@org.testng.annotations.Optional(value=null)]}, Parameter{index=1, type=java.lang.String, declaredAnnotations=[@org.testng.annotations.Optional(value=null)]}, Parameter{index=2, type=java.lang.String, declaredAnnotations=[@org.testng.annotations.Optional(value=null)]}, Parameter{index=3, type=boolean, declaredAnnotations=[@org.testng.annotations.Optional(value=null)]}, Parameter{index=4, type=boolean, declaredAnnotations=[@org.testng.annotations.Optional(value=null)]}])
Arguments: [null,(java.lang.String) sss,(java.lang.String) tung123,null,(java.lang.Boolean) false]">
      <![CDATA[org.testng.internal.reflect.MethodMatcherException: 
[public void UnitTest.UpdateUserDAOTest.insertUser(java.lang.String,java.lang.String,java.lang.String,boolean,boolean) throws java.text.ParseException] has no parameters defined but was found to be using a data provider (either explicitly specified or inherited from class level annotation).
Data provider mismatch
Arguments: [null,(java.lang.String) sss,(java.lang.String) tung123,null,(java.lang.Boolean) false]
at java.util.ArrayList.forEach(Unknown Source)
... Removed 23 stack frames]]>
    </failure>
  </testcase> <!-- insertUser -->
</testsuite> <!-- Add_02 -->
