<?xml version="1.0" encoding="UTF-8"?>
<!-- Generated by org.testng.reporters.JUnitXMLReporter -->
<testsuite hostname="DESKTOP-TTL6LUL" ignored="0" name="InsertDepart" tests="21" failures="0" timestamp="2021-03-10T10:08:59 ICT" time="2.369" errors="0">
  <testcase name="Add_01" time="0.089" classname="UnitTest.DepartmentDAOTest"/>
  <testcase name="Add_02" time="0.2" classname="UnitTest.DepartmentDAOTest"/>
  <testcase name="Add_03" time="0.067" classname="UnitTest.DepartmentDAOTest"/>
  <testcase name="Add_04" time="0.069" classname="UnitTest.DepartmentDAOTest"/>
  <testcase name="Add_05" time="0.084" classname="UnitTest.DepartmentDAOTest"/>
  <testcase name="Add_06" time="0.035" classname="UnitTest.DepartmentDAOTest"/>
  <testcase name="Add_07" time="0.028" classname="UnitTest.DepartmentDAOTest"/>
  <testcase name="Add_08" time="0.03" classname="UnitTest.DepartmentDAOTest"/>
  <testcase name="Add_09" time="0.028" classname="UnitTest.DepartmentDAOTest"/>
  <testcase name="Add_10" time="0.032" classname="UnitTest.DepartmentDAOTest"/>
  <testcase name="Add_11" time="0.025" classname="UnitTest.DepartmentDAOTest"/>
  <testcase name="Add_12" time="0.034" classname="UnitTest.DepartmentDAOTest"/>
  <testcase name="Add_13" time="0.05" classname="UnitTest.DepartmentDAOTest"/>
  <testcase name="Add_14" time="0.039" classname="UnitTest.DepartmentDAOTest"/>
  <testcase name="Add_15" time="0.026" classname="UnitTest.DepartmentDAOTest"/>
  <testcase name="Add_16" time="0.027" classname="UnitTest.DepartmentDAOTest"/>
  <testcase name="Add_17" time="0.029" classname="UnitTest.DepartmentDAOTest"/>
  <testcase name="Add_18" time="0.033" classname="UnitTest.DepartmentDAOTest"/>
  <testcase name="Add_19" time="0.035" classname="UnitTest.DepartmentDAOTest"/>
  <testcase name="Add_20" time="0.025" classname="UnitTest.DepartmentDAOTest"/>
  <testcase name="Add_21" time="0.024" classname="UnitTest.DepartmentDAOTest"/>
</testsuite> <!-- InsertDepart -->
