<?xml version="1.0" encoding="UTF-8"?>
<!-- Generated by org.testng.reporters.JUnitXMLReporter -->
<testsuite hostname="DESKTOP-TTL6LUL" ignored="0" name="InsertStaff" tests="49" failures="0" timestamp="2021-03-10T10:09:04 ICT" time="4.915" errors="0">
  <testcase name="insertStaff" time="0.079" classname="UnitTest.StaffDAOTest"/>
  <testcase name="insertStaff1" time="0.09" classname="UnitTest.StaffDAOTest"/>
  <testcase name="insertStaff10" time="0.079" classname="UnitTest.StaffDAOTest"/>
  <testcase name="insertStaff11" time="0.059" classname="UnitTest.StaffDAOTest"/>
  <testcase name="insertStaff12" time="0.044" classname="UnitTest.StaffDAOTest"/>
  <testcase name="insertStaff13" time="0.037" classname="UnitTest.StaffDAOTest"/>
  <testcase name="insertStaff14" time="0.035" classname="UnitTest.StaffDAOTest"/>
  <testcase name="insertStaff15" time="0.037" classname="UnitTest.StaffDAOTest"/>
  <testcase name="insertStaff16" time="0.067" classname="UnitTest.StaffDAOTest"/>
  <testcase name="insertStaff17" time="0.053" classname="UnitTest.StaffDAOTest"/>
  <testcase name="insertStaff18" time="0.031" classname="UnitTest.StaffDAOTest"/>
  <testcase name="insertStaff19" time="0.039" classname="UnitTest.StaffDAOTest"/>
  <testcase name="insertStaff2" time="0.043" classname="UnitTest.StaffDAOTest"/>
  <testcase name="insertStaff20" time="0.044" classname="UnitTest.StaffDAOTest"/>
  <testcase name="insertStaff21" time="0.054" classname="UnitTest.StaffDAOTest"/>
  <testcase name="insertStaff22" time="0.039" classname="UnitTest.StaffDAOTest"/>
  <testcase name="insertStaff23" time="0.048" classname="UnitTest.StaffDAOTest"/>
  <testcase name="insertStaff24" time="0.042" classname="UnitTest.StaffDAOTest"/>
  <testcase name="insertStaff25" time="0.046" classname="UnitTest.StaffDAOTest"/>
  <testcase name="insertStaff26" time="0.036" classname="UnitTest.StaffDAOTest"/>
  <testcase name="insertStaff27" time="0.039" classname="UnitTest.StaffDAOTest"/>
  <testcase name="insertStaff28" time="0.042" classname="UnitTest.StaffDAOTest"/>
  <testcase name="insertStaff29" time="0.053" classname="UnitTest.StaffDAOTest"/>
  <testcase name="insertStaff3" time="0.037" classname="UnitTest.StaffDAOTest"/>
  <testcase name="insertStaff30" time="0.04" classname="UnitTest.StaffDAOTest"/>
  <testcase name="insertStaff31" time="0.041" classname="UnitTest.StaffDAOTest"/>
  <testcase name="insertStaff32" time="0.034" classname="UnitTest.StaffDAOTest"/>
  <testcase name="insertStaff33" time="0.037" classname="UnitTest.StaffDAOTest"/>
  <testcase name="insertStaff34" time="0.032" classname="UnitTest.StaffDAOTest"/>
  <testcase name="insertStaff35" time="0.035" classname="UnitTest.StaffDAOTest"/>
  <testcase name="insertStaff36" time="0.039" classname="UnitTest.StaffDAOTest"/>
  <testcase name="insertStaff37" time="0.033" classname="UnitTest.StaffDAOTest"/>
  <testcase name="insertStaff38" time="0.031" classname="UnitTest.StaffDAOTest"/>
  <testcase name="insertStaff39" time="0.039" classname="UnitTest.StaffDAOTest"/>
  <testcase name="insertStaff4" time="0.032" classname="UnitTest.StaffDAOTest"/>
  <testcase name="insertStaff40" time="0.038" classname="UnitTest.StaffDAOTest"/>
  <testcase name="insertStaff41" time="0.084" classname="UnitTest.StaffDAOTest"/>
  <testcase name="insertStaff42" time="0.055" classname="UnitTest.StaffDAOTest"/>
  <testcase name="insertStaff43" time="0.056" classname="UnitTest.StaffDAOTest"/>
  <testcase name="insertStaff44" time="0.044" classname="UnitTest.StaffDAOTest"/>
  <testcase name="insertStaff45" time="0.044" classname="UnitTest.StaffDAOTest"/>
  <testcase name="insertStaff46" time="0.084" classname="UnitTest.StaffDAOTest"/>
  <testcase name="insertStaff47" time="0.047" classname="UnitTest.StaffDAOTest"/>
  <testcase name="insertStaff48" time="0.049" classname="UnitTest.StaffDAOTest"/>
  <testcase name="insertStaff5" time="0.076" classname="UnitTest.StaffDAOTest"/>
  <testcase name="insertStaff6" time="0.048" classname="UnitTest.StaffDAOTest"/>
  <testcase name="insertStaff7" time="0.073" classname="UnitTest.StaffDAOTest"/>
  <testcase name="insertStaff8" time="0.047" classname="UnitTest.StaffDAOTest"/>
  <testcase name="insertStaff9" time="0.045" classname="UnitTest.StaffDAOTest"/>
</testsuite> <!-- InsertStaff -->
