<?xml version="1.0" encoding="UTF-8"?>
<!-- Generated by org.testng.reporters.JUnitXMLReporter -->
<testsuite hostname="DESKTOP-TTL6LUL" ignored="0" name="InsertStaff" tests="49" failures="0" timestamp="2021-02-26T19:11:18 ICT" time="7.006" errors="0">
  <testcase name="insertStaff" time="0.11" classname="UnitTest.StaffDAOTest"/>
  <testcase name="insertStaff1" time="0.126" classname="UnitTest.StaffDAOTest"/>
  <testcase name="insertStaff10" time="0.14" classname="UnitTest.StaffDAOTest"/>
  <testcase name="insertStaff11" time="0.05" classname="UnitTest.StaffDAOTest"/>
  <testcase name="insertStaff12" time="0.066" classname="UnitTest.StaffDAOTest"/>
  <testcase name="insertStaff13" time="0.119" classname="UnitTest.StaffDAOTest"/>
  <testcase name="insertStaff14" time="0.071" classname="UnitTest.StaffDAOTest"/>
  <testcase name="insertStaff15" time="0.098" classname="UnitTest.StaffDAOTest"/>
  <testcase name="insertStaff16" time="0.057" classname="UnitTest.StaffDAOTest"/>
  <testcase name="insertStaff17" time="0.062" classname="UnitTest.StaffDAOTest"/>
  <testcase name="insertStaff18" time="0.066" classname="UnitTest.StaffDAOTest"/>
  <testcase name="insertStaff19" time="0.099" classname="UnitTest.StaffDAOTest"/>
  <testcase name="insertStaff2" time="0.052" classname="UnitTest.StaffDAOTest"/>
  <testcase name="insertStaff20" time="0.096" classname="UnitTest.StaffDAOTest"/>
  <testcase name="insertStaff21" time="0.053" classname="UnitTest.StaffDAOTest"/>
  <testcase name="insertStaff22" time="0.063" classname="UnitTest.StaffDAOTest"/>
  <testcase name="insertStaff23" time="0.071" classname="UnitTest.StaffDAOTest"/>
  <testcase name="insertStaff24" time="0.068" classname="UnitTest.StaffDAOTest"/>
  <testcase name="insertStaff25" time="0.063" classname="UnitTest.StaffDAOTest"/>
  <testcase name="insertStaff26" time="0.048" classname="UnitTest.StaffDAOTest"/>
  <testcase name="insertStaff27" time="0.06" classname="UnitTest.StaffDAOTest"/>
  <testcase name="insertStaff28" time="0.061" classname="UnitTest.StaffDAOTest"/>
  <testcase name="insertStaff29" time="0.076" classname="UnitTest.StaffDAOTest"/>
  <testcase name="insertStaff3" time="0.076" classname="UnitTest.StaffDAOTest"/>
  <testcase name="insertStaff30" time="0.074" classname="UnitTest.StaffDAOTest"/>
  <testcase name="insertStaff31" time="0.06" classname="UnitTest.StaffDAOTest"/>
  <testcase name="insertStaff32" time="0.055" classname="UnitTest.StaffDAOTest"/>
  <testcase name="insertStaff33" time="0.053" classname="UnitTest.StaffDAOTest"/>
  <testcase name="insertStaff34" time="0.069" classname="UnitTest.StaffDAOTest"/>
  <testcase name="insertStaff35" time="0.052" classname="UnitTest.StaffDAOTest"/>
  <testcase name="insertStaff36" time="0.049" classname="UnitTest.StaffDAOTest"/>
  <testcase name="insertStaff37" time="0.07" classname="UnitTest.StaffDAOTest"/>
  <testcase name="insertStaff38" time="0.049" classname="UnitTest.StaffDAOTest"/>
  <testcase name="insertStaff39" time="0.061" classname="UnitTest.StaffDAOTest"/>
  <testcase name="insertStaff4" time="0.047" classname="UnitTest.StaffDAOTest"/>
  <testcase name="insertStaff40" time="0.049" classname="UnitTest.StaffDAOTest"/>
  <testcase name="insertStaff41" time="0.059" classname="UnitTest.StaffDAOTest"/>
  <testcase name="insertStaff42" time="0.058" classname="UnitTest.StaffDAOTest"/>
  <testcase name="insertStaff43" time="0.083" classname="UnitTest.StaffDAOTest"/>
  <testcase name="insertStaff44" time="0.1" classname="UnitTest.StaffDAOTest"/>
  <testcase name="insertStaff45" time="0.057" classname="UnitTest.StaffDAOTest"/>
  <testcase name="insertStaff46" time="0.066" classname="UnitTest.StaffDAOTest"/>
  <testcase name="insertStaff47" time="0.047" classname="UnitTest.StaffDAOTest"/>
  <testcase name="insertStaff48" time="0.1" classname="UnitTest.StaffDAOTest"/>
  <testcase name="insertStaff5" time="0.045" classname="UnitTest.StaffDAOTest"/>
  <testcase name="insertStaff6" time="0.049" classname="UnitTest.StaffDAOTest"/>
  <testcase name="insertStaff7" time="0.075" classname="UnitTest.StaffDAOTest"/>
  <testcase name="insertStaff8" time="0.08" classname="UnitTest.StaffDAOTest"/>
  <testcase name="insertStaff9" time="0.051" classname="UnitTest.StaffDAOTest"/>
</testsuite> <!-- InsertStaff -->
