<?xml version="1.0" encoding="UTF-8"?>
<!-- Generated by org.testng.reporters.JUnitXMLReporter -->
<testsuite hostname="DESKTOP-TTL6LUL" ignored="0" name="Add_19" tests="1" failures="1" timestamp="2021-03-10T18:38:49 ICT" time="0.005" errors="0">
  <testcase name="insertSalary" time="0.0" classname="UnitTest.SalaryDAOTest">
    <failure type="org.testng.TestNGException" message="
Conversion issue on parameter: salary_factor">
      <![CDATA[org.testng.TestNGException: 
Conversion issue on parameter: salary_factor
at java.util.ArrayList.forEach(Unknown Source)
Caused by: java.lang.NumberFormatException: For input string: "tung"
at sun.misc.FloatingDecimal.readJavaFormatString(Unknown Source)
at sun.misc.FloatingDecimal.parseFloat(Unknown Source)
at java.lang.Float.parseFloat(Unknown Source)
at java.lang.Float.valueOf(Unknown Source)
... 27 more
... Removed 28 stack frames]]>
    </failure>
  </testcase> <!-- insertSalary -->
</testsuite> <!-- Add_19 -->
